INFO:root:ERROR 104  : URL https://bj.lianjia.com/xiaoqu/dongcheng/pg0/
INFO:root:ERROR 104  : URL https://bj.lianjia.com/xiaoqu/dongcheng/pg38/
INFO:root:ERROR 104  : URL https://bj.lianjia.com/xiaoqu/xicheng/pg0/
INFO:root:ERROR 104  : URL https://bj.lianjia.com/xiaoqu/xicheng/pg54/
INFO:root:ERROR 104  : URL https://bj.lianjia.com/xiaoqu/chaoyang/pg0/
INFO:root:ERROR 104  : URL https://bj.lianjia.com/xiaoqu/chaoyang/pg60/
INFO:root:ERROR 104  : URL https://bj.lianjia.com/xiaoqu/haidian/pg0/
INFO:root:ERROR 104  : URL https://bj.lianjia.com/xiaoqu/haidian/pg56/
INFO:root:ERROR 104  : URL https://bj.lianjia.com/xiaoqu/changping/pg0/
INFO:root:ERROR 104  : URL https://bj.lianjia.com/xiaoqu/changping/pg25/
INFO:root:ERROR 104  : URL https://bj.lianjia.com/xiaoqu/tongzhou/pg0/
INFO:root:ERROR 104  : URL https://bj.lianjia.com/xiaoqu/tongzhou/pg20/
INFO:root:ERROR 104  : URL https://bj.lianjia.com/xiaoqu/shunyi/pg0/
INFO:root:ERROR 104  : URL https://bj.lianjia.com/xiaoqu/shunyi/pg10/
INFO:root:ERROR 104  : URL https://bj.lianjia.com/xiaoqu/dongcheng/pg1/
INFO:root:ERROR 104  : URL https://bj.lianjia.com/xiaoqu/dongcheng/pg38/
INFO:root:ERROR 104  : URL https://bj.lianjia.com/xiaoqu/xicheng/pg1/
INFO:root:ERROR 104  : URL https://bj.lianjia.com/xiaoqu/xicheng/pg54/
INFO:root:ERROR 104  : URL https://bj.lianjia.com/xiaoqu/chaoyang/pg1/
INFO:root:ERROR 104  : URL https://bj.lianjia.com/xiaoqu/chaoyang/pg60/
INFO:root:ERROR 104  : URL https://bj.lianjia.com/xiaoqu/haidian/pg1/
INFO:root:ERROR 104  : URL https://bj.lianjia.com/xiaoqu/haidian/pg56/
INFO:root:ERROR 104  : URL https://bj.lianjia.com/xiaoqu/changping/pg1/
INFO:root:ERROR 104  : URL https://bj.lianjia.com/xiaoqu/changping/pg25/
INFO:root:ERROR 104  : URL https://bj.lianjia.com/xiaoqu/tongzhou/pg1/
INFO:root:ERROR 104  : URL https://bj.lianjia.com/xiaoqu/tongzhou/pg20/
INFO:root:ERROR 104  : URL https://bj.lianjia.com/xiaoqu/shunyi/pg1/
INFO:root:ERROR 104  : URL https://bj.lianjia.com/xiaoqu/shunyi/pg10/
INFO:root:ERROR 104  : URL https://bj.lianjia.com/xiaoqu/dongcheng/pg1/
INFO:root:ERROR 104  : URL https://bj.lianjia.com/xiaoqu/dongcheng/pg38/
INFO:root:ERROR 104  : URL https://bj.lianjia.com/xiaoqu/xicheng/pg1/
INFO:root:ERROR 104  : URL https://bj.lianjia.com/xiaoqu/xicheng/pg54/
INFO:root:ERROR 104  : URL https://bj.lianjia.com/xiaoqu/chaoyang/pg1/
INFO:root:ERROR 104  : URL https://bj.lianjia.com/xiaoqu/chaoyang/pg60/
INFO:root:ERROR 104  : URL https://bj.lianjia.com/xiaoqu/haidian/pg1/
INFO:root:ERROR 104  : URL https://bj.lianjia.com/xiaoqu/haidian/pg56/
INFO:root:ERROR 104  : URL https://bj.lianjia.com/xiaoqu/changping/pg1/
INFO:root:ERROR 104  : URL https://bj.lianjia.com/xiaoqu/changping/pg25/
INFO:root:ERROR 104  : URL https://bj.lianjia.com/xiaoqu/tongzhou/pg1/
INFO:root:ERROR 104  : URL https://bj.lianjia.com/xiaoqu/tongzhou/pg20/
INFO:root:ERROR 104  : URL https://bj.lianjia.com/xiaoqu/shunyi/pg1/
INFO:root:ERROR 104  : URL https://bj.lianjia.com/xiaoqu/shunyi/pg10/
INFO:root:ERROR 104  : URL https://bj.lianjia.com/xiaoqu/dongcheng/pg1/
INFO:root:ERROR 104  : URL https://bj.lianjia.com/xiaoqu/dongcheng/pg2/
INFO:root:ERROR 104  : URL https://bj.lianjia.com/xiaoqu/dongcheng/pg3/
INFO:root:ERROR 104  : URL https://bj.lianjia.com/xiaoqu/dongcheng/pg4/
INFO:root:ERROR 104  : URL https://bj.lianjia.com/xiaoqu/dongcheng/pg5/
INFO:root:ERROR 104  : URL https://bj.lianjia.com/xiaoqu/dongcheng/pg1/
INFO:root:ERROR 104  : URL https://bj.lianjia.com/xiaoqu/dongcheng/pg1/
INFO:root:ERROR 104  : URL https://bj.lianjia.com/xiaoqu/dongcheng/pg2/
INFO:root:ERROR 104  : URL https://bj.lianjia.com/xiaoqu/dongcheng/pg3/
INFO:root:ERROR 104  : URL https://bj.lianjia.com/xiaoqu/dongcheng/pg4/
INFO:root:ERROR 104  : URL https://bj.lianjia.com/xiaoqu/dongcheng/pg1/
INFO:root:ERROR 104  : URL https://bj.lianjia.com/xiaoqu/dongcheng/pg2/
INFO:root:ERROR 104  : URL https://bj.lianjia.com/xiaoqu/dongcheng/pg3/
INFO:root:ERROR 104  : URL https://bj.lianjia.com/xiaoqu/dongcheng/pg1/
INFO:root:ERROR 104  : URL https://bj.lianjia.com/xiaoqu/dongcheng/pg2/
INFO:root:ERROR 104  : URL https://bj.lianjia.com/xiaoqu/dongcheng/pg3/
INFO:root:ERROR 104  : URL https://bj.lianjia.com/xiaoqu/dongcheng/pg1/
INFO:root:ERROR 104  : URL https://bj.lianjia.com/xiaoqu/dongcheng/pg2/
INFO:root:ERROR 104  : URL https://bj.lianjia.com/xiaoqu/dongcheng/pg3/
INFO:root:ERROR 104  : URL https://bj.lianjia.com/xiaoqu/dongcheng/pg1/
INFO:root:ERROR 104  : URL https://bj.lianjia.com/xiaoqu/dongcheng/pg2/
INFO:root:ERROR 104  : URL https://bj.lianjia.com/xiaoqu/dongcheng/pg1/
INFO:root:ERROR 104  : URL https://bj.lianjia.com/xiaoqu/dongcheng/pg2/
INFO:root:ERROR 104  : URL https://bj.lianjia.com/xiaoqu/dongcheng/pg1/
INFO:root:ERROR 104  : URL https://bj.lianjia.com/xiaoqu/dongcheng/pg1/
INFO:root:ERROR 104  : URL https://bj.lianjia.com/xiaoqu/dongcheng/pg2/
INFO:root:ERROR 104  : URL https://bj.lianjia.com/xiaoqu/dongcheng/pg3/
INFO:root:ERROR 104  : URL https://bj.lianjia.com/xiaoqu/dongcheng/pg4/
INFO:root:ERROR 104  : URL https://bj.lianjia.com/xiaoqu/dongcheng/pg1/
INFO:root:ERROR 104  : URL https://bj.lianjia.com/xiaoqu/dongcheng/pg1/
INFO:root:ERROR 104  : URL https://bj.lianjia.com/xiaoqu/dongcheng/pg1/
INFO:root:ERROR 909 : SQL insert into community (`name`,`link_community_id`,`image`,`url`,`district`,`address`,`building_type`,`year`,`subway_tag`,`price`)values(%s,%s,%s,%s,%s,%s,%s,%s,%s,%s)
INFO:root:ERROR 909 : SQL insert into community (`name`,`link_community_id`,`image`,`url`,`district`,`address`,`building_type`,`year`,`subway_tag`,`price`)values(%s,%s,%s,%s,%s,%s,%s,%s,%s,%s)
INFO:root:ERROR 909 : SQL insert into community (`name`,`link_community_id`,`image`,`url`,`district`,`address`,`building_type`,`year`,`subway_tag`,`price`)values(%s,%s,%s,%s,%s,%s,%s,%s,%s,%s)
INFO:root:ERROR 104  : URL https://bj.lianjia.com/xiaoqu/dongcheng/pg4/
INFO:root:ERROR 909 : SQL insert into community (`name`,`link_community_id`,`image`,`url`,`district`,`address`,`building_type`,`year`,`subway_tag`,`price`)values(%s,%s,%s,%s,%s,%s,%s,%s,%s,%s)
INFO:root:ERROR 909 : SQL insert into community (`name`,`link_community_id`,`image`,`url`,`district`,`address`,`building_type`,`year`,`subway_tag`,`price`)values(%s,%s,%s,%s,%s,%s,%s,%s,%s,%s)
INFO:root:ERROR 909 : SQL insert into community (`name`,`link_community_id`,`image`,`url`,`district`,`address`,`building_type`,`year`,`subway_tag`,`price`)values(%s,%s,%s,%s,%s,%s,%s,%s,%s,%s)
INFO:root:ERROR 104  : URL https://bj.lianjia.com/xiaoqu/dongcheng/pg1/
INFO:root:ERROR 104  : URL https://bj.lianjia.com/xiaoqu/dongcheng/pg2/
INFO:root:ERROR 104  : URL https://bj.lianjia.com/xiaoqu/dongcheng/pg3/
INFO:root:ERROR 104  : URL https://bj.lianjia.com/xiaoqu/dongcheng/pg1/
INFO:root:ERROR 104  : URL https://bj.lianjia.com/xiaoqu/dongcheng/pg2/
INFO:root:ERROR 104  : URL https://bj.lianjia.com/xiaoqu/dongcheng/pg3/
INFO:root:ERROR 104  : URL https://bj.lianjia.com/xiaoqu/dongcheng/pg4/
INFO:root:ERROR 104  : URL https://bj.lianjia.com/xiaoqu/dongcheng/pg5/
INFO:root:ERROR 104  : URL https://bj.lianjia.com/xiaoqu/dongcheng/pg1/
INFO:root:ERROR 104  : URL https://bj.lianjia.com/xiaoqu/dongcheng/pg2/
INFO:root:ERROR 104  : URL https://bj.lianjia.com/xiaoqu/dongcheng/pg3/
INFO:root:ERROR 104  : URL https://bj.lianjia.com/xiaoqu/dongcheng/pg4/
INFO:root:ERROR 104  : URL https://bj.lianjia.com/xiaoqu/dongcheng/pg1/
INFO:root:ERROR 104  : URL https://bj.lianjia.com/xiaoqu/dongcheng/pg2/
INFO:root:ERROR 104  : URL https://bj.lianjia.com/xiaoqu/dongcheng/pg3/
INFO:root:ERROR 104  : URL https://bj.lianjia.com/xiaoqu/dongcheng/pg4/
INFO:root:ERROR 909 : SQL insert into community (`name`,`link_community_id`,`image`,`url`,`district`,`address`,`building_type`,`year`,`subway_tag`,`price`)values(%s,%s,%s,%s,%s,%s,%s,%s,%s,%s)
INFO:root:ERROR 909 : SQL insert into community (`name`,`link_community_id`,`image`,`url`,`district`,`address`,`building_type`,`year`,`subway_tag`,`price`)values(%s,%s,%s,%s,%s,%s,%s,%s,%s,%s)
INFO:root:ERROR 909 : SQL insert into community (`name`,`link_community_id`,`image`,`url`,`district`,`address`,`building_type`,`year`,`subway_tag`,`price`)values(%s,%s,%s,%s,%s,%s,%s,%s,%s,%s)
INFO:root:ERROR 909 : SQL insert into community (`name`,`link_community_id`,`image`,`url`,`district`,`address`,`building_type`,`year`,`subway_tag`,`price`)values(%s,%s,%s,%s,%s,%s,%s,%s,%s,%s)
INFO:root:ERROR 909 : SQL insert into community (`name`,`link_community_id`,`image`,`url`,`district`,`address`,`building_type`,`year`,`subway_tag`,`price`)values(%s,%s,%s,%s,%s,%s,%s,%s,%s,%s)
INFO:root:ERROR 909 : SQL insert into community (`name`,`link_community_id`,`image`,`url`,`district`,`address`,`building_type`,`year`,`subway_tag`,`price`)values(%s,%s,%s,%s,%s,%s,%s,%s,%s,%s)
INFO:root:ERROR 909 : SQL insert into community (`name`,`link_community_id`,`image`,`url`,`district`,`address`,`building_type`,`year`,`subway_tag`,`price`)values(%s,%s,%s,%s,%s,%s,%s,%s,%s,%s)
INFO:root:ERROR 104  : URL https://bj.lianjia.com/xiaoqu/dongcheng/pg1/
INFO:root:ERROR 104  : URL https://bj.lianjia.com/xiaoqu/dongcheng/pg2/
INFO:root:ERROR 104  : URL https://bj.lianjia.com/xiaoqu/dongcheng/pg3/
INFO:root:ERROR 104  : URL https://bj.lianjia.com/xiaoqu/dongcheng/pg4/
INFO:root:ERROR 909 : SQL insert into community (`name`,`link_community_id`,`image`,`url`,`district`,`address`,`building_type`,`year`,`subway_tag`,`price`)values(%s,%s,%s,%s,%s,%s,%s,%s,%s,%s)
INFO:root:ERROR 909 : SQL insert into community (`name`,`link_community_id`,`image`,`url`,`district`,`address`,`building_type`,`year`,`subway_tag`,`price`)values(%s,%s,%s,%s,%s,%s,%s,%s,%s,%s)
INFO:root:ERROR 909 : SQL insert into community (`name`,`link_community_id`,`image`,`url`,`district`,`address`,`building_type`,`year`,`subway_tag`,`price`)values(%s,%s,%s,%s,%s,%s,%s,%s,%s,%s)
INFO:root:ERROR 909 : SQL insert into community (`name`,`link_community_id`,`image`,`url`,`district`,`address`,`building_type`,`year`,`subway_tag`,`price`)values(%s,%s,%s,%s,%s,%s,%s,%s,%s,%s)
INFO:root:ERROR 104  : URL https://bj.lianjia.com/xiaoqu/dongcheng/pg4/
INFO:root:ERROR 104  : URL https://bj.lianjia.com/xiaoqu/dongcheng/pg4/
INFO:root:ERROR 104  : URL https://bj.lianjia.com/xiaoqu/dongcheng/pg12/
INFO:root:ERROR 104  : URL https://bj.lianjia.com/xiaoqu/dongcheng/pg14/
INFO:root:ERROR 104  : URL https://bj.lianjia.com/xiaoqu/dongcheng/pg15/
INFO:root:ERROR 104  : URL https://bj.lianjia.com/xiaoqu/dongcheng/pg16/
INFO:root:ERROR 104  : URL https://bj.lianjia.com/xiaoqu/dongcheng/pg17/
INFO:root:ERROR 104  : URL https://bj.lianjia.com/xiaoqu/dongcheng/pg18/
INFO:root:ERROR 104  : URL https://bj.lianjia.com/xiaoqu/dongcheng/pg19/
INFO:root:ERROR 104  : URL https://bj.lianjia.com/xiaoqu/dongcheng/pg20/
INFO:root:ERROR 104  : URL https://bj.lianjia.com/xiaoqu/dongcheng/pg21/
INFO:root:ERROR 104  : URL https://bj.lianjia.com/xiaoqu/dongcheng/pg4/
INFO:root:ERROR 909 : SQL insert into community (`name`,`link_community_id`,`image`,`url`,`district`,`address`,`building_type`,`year`,`subway_tag`,`price`)values(%s,%s,%s,%s,%s,%s,%s,%s,%s,%s)
INFO:root:ERROR 909 : SQL insert into community (`name`,`link_community_id`,`image`,`url`,`district`,`address`,`building_type`,`year`,`subway_tag`,`price`)values(%s,%s,%s,%s,%s,%s,%s,%s,%s,%s)
INFO:root:ERROR 909 : SQL insert into community (`name`,`link_community_id`,`image`,`url`,`district`,`address`,`building_type`,`year`,`subway_tag`,`price`)values(%s,%s,%s,%s,%s,%s,%s,%s,%s,%s)
INFO:root:ERROR 909 : SQL insert into community (`name`,`link_community_id`,`image`,`url`,`district`,`address`,`building_type`,`year`,`subway_tag`,`price`)values(%s,%s,%s,%s,%s,%s,%s,%s,%s,%s)
INFO:root:ERROR 104  : URL https://bj.lianjia.com/ershoufang/ng1hu1nb1l2ba50ea90bp200ep320/pg1/
INFO:root:ERROR 104  : URL https://bj.lianjia.com/ershoufang/ng1hu1nb1l2ba50ea90bp200ep320/pg2/
INFO:root:ERROR 104  : URL https://bj.lianjia.com/ershoufang/ng1hu1nb1l2ba50ea90bp200ep320/pg3/
INFO:root:ERROR 104  : URL https://bj.lianjia.com/ershoufang/ng1hu1nb1l2ba50ea90bp200ep320/pg4/
INFO:root:ERROR 104  : URL https://bj.lianjia.com/ershoufang/ng1hu1nb1l2ba50ea90bp200ep320/pg5/
INFO:root:ERROR 104  : URL https://bj.lianjia.com/ershoufang/ng1hu1nb1l2ba50ea90bp200ep320/pg6/
INFO:root:ERROR 104  : URL https://bj.lianjia.com/ershoufang/ng1hu1nb1l2ba50ea90bp200ep320/pg7/
INFO:root:ERROR 104  : URL https://bj.lianjia.com/ershoufang/ng1hu1nb1l2ba50ea90bp200ep320/pg8/
INFO:root:ERROR 104  : URL https://bj.lianjia.com/ershoufang/ng1hu1nb1l2ba50ea90bp200ep320/pg9/
INFO:root:ERROR 104  : URL https://bj.lianjia.com/ershoufang/ng1hu1nb1l2ba50ea90bp200ep320/pg10/
INFO:root:ERROR 104  : URL https://bj.lianjia.com/ershoufang/ng1hu1nb1l2ba50ea90bp200ep320/pg1/
INFO:root:ERROR 104  : URL https://bj.lianjia.com/ershoufang/ng1hu1nb1l2ba50ea90bp200ep320/pg2/
INFO:root:ERROR 104  : URL https://bj.lianjia.com/ershoufang/ng1hu1nb1l2ba50ea90bp200ep320/pg3/
INFO:root:ERROR 104  : URL https://bj.lianjia.com/ershoufang/ng1hu1nb1l2ba50ea90bp200ep320/pg4/
INFO:root:ERROR 104  : URL https://bj.lianjia.com/ershoufang/ng1hu1nb1l2ba50ea90bp200ep320/pg5/
INFO:root:ERROR 104  : URL https://bj.lianjia.com/xiaoqu/xiangge/pg352/
INFO:root:ERROR 104  : URL https://bj.lianjia.com/ershoufang/101102446975.html
INFO:root:ERROR 104  : URL https://bj.lianjia.com/ershoufang/101102468006.html
INFO:root:ERROR 104  : URL https://bj.lianjia.com/ershoufang/101102446975.html
INFO:root:ERROR 104  : URL https://bj.lianjia.com/ershoufang/101102468006.html
INFO:root:ERROR 104  : URL https://bj.lianjia.com/ershoufang/101102446975.html
INFO:root:ERROR 104  : URL https://bj.lianjia.com/ershoufang/101102468006.html
INFO:root:ERROR 104  : URL https://bj.lianjia.com/ershoufang/101102446975.html
INFO:root:ERROR 104  : URL https://bj.lianjia.com/ershoufang/101102468006.html
INFO:root:ERROR 104  : URL https://bj.lianjia.com/ershoufang/101102446975.html
INFO:root:ERROR 104  : URL https://bj.lianjia.com/ershoufang/101102468006.html
INFO:root:ERROR 104  : URL https://bj.lianjia.com/ershoufang/101102446975.html
INFO:root:ERROR 104  : URL https://bj.lianjia.com/ershoufang/101102468006.html
INFO:root:ERROR 104  : URL https://bj.lianjia.com/ershoufang/101102446975.html
INFO:root:ERROR 104  : URL https://bj.lianjia.com/xiaoqu/dongcheng/
INFO:root:ERROR 104  : URL https://bj.lianjia.com/xiaoqu/xicheng/
INFO:root:ERROR 104  : URL https://bj.lianjia.com/ershoufang/101102446975.html
INFO:root:ERROR 104  : URL https://bj.lianjia.com/ershoufang/101102446975.html
INFO:root:ERROR 104  : URL https://bj.lianjia.com/xiaoqu/dongcheng/
INFO:root:ERROR 104  : URL https://bj.lianjia.com/xiaoqu/xicheng/
INFO:root:ERROR 104  : URL https://bj.lianjia.com/xiaoqu/dongcheng/
INFO:root:ERROR 104  : URL https://bj.lianjia.com/xiaoqu/dongcheng/
INFO:root:ERROR 104  : URL https://bj.lianjia.com/xiaoqu/dongcheng/
INFO:root:ERROR 104  : URL https://bj.lianjia.com/ershoufang/101102446975.html
INFO:root:ERROR 104  : 房源ID 101102446975
INFO:root:ERROR 104  : 房源ID 101102468006
INFO:root:ERROR 104  : 房源ID 101102446975
INFO:root:ERROR 104  : 房源ID 101102468006
INFO:root:ERROR 104  : 房源ID 101102446975
INFO:root:ERROR 104  : 房源ID 101102468006
INFO:root:ERROR 104  : 房源ID 101102446975
INFO:root:ERROR 104  : 房源ID 101102468006
INFO:root:ERROR 104  : 房源ID 101102446975
INFO:root:ERROR 104  : 房源ID 101102468006
INFO:root:ERROR 104  : 房源ID 101102468006
INFO:root:ERROR 104  : 房源ID 101102468006
INFO:root:ERROR 104  : 房源ID 101102468006
INFO:root:ERROR 104  : 房源ID 101102468006
INFO:root:ERROR 104  : URL https://bj.lianjia.com/ershoufang/ng1hu1nb1l2ba50ea90bp200ep320/pg1/
INFO:root:ERROR 104  : 房源ID 101102501247
INFO:root:ERROR 104  : 房源ID 101102501247
INFO:root:ERROR 104  : URL https://bj.lianjia.com/xiaoqu/daxing/pg8/
